<?xml version="1.0" encoding="UTF-8"?>
<testsuite name="challenge.SubmitTest" tests="6" skipped="0" failures="0" errors="0" timestamp="2020-03-12T02:11:54" hostname="BR0C02ZL1YULVDF" time="1.482">
  <properties/>
  <testcase name="q1" classname="challenge.SubmitTest" time="0.225"/>
  <testcase name="q2" classname="challenge.SubmitTest" time="0.182"/>
  <testcase name="q3" classname="challenge.SubmitTest" time="0.189"/>
  <testcase name="q4" classname="challenge.SubmitTest" time="0.145"/>
  <testcase name="q5" classname="challenge.SubmitTest" time="0.586"/>
  <testcase name="q6" classname="challenge.SubmitTest" time="0.155"/>
  <system-out><![CDATA[]]></system-out>
  <system-err><![CDATA[]]></system-err>
</testsuite>
